# Logfile created on 2021-06-11 15:24:02 +0530 by logger.rb/v1.4.2
  INFO ---------------------------------------------------------------------------
  INFO START 2021-06-11 15:24:02 +0530 cap production deploy
  INFO ---------------------------------------------------------------------------
 DEBUG [5abf3d5b] Running [ -d $HOME/.rbenv/versions/3.0.1 ] as deploy@sample-web-server
 DEBUG [5abf3d5b] Command: [ -d $HOME/.rbenv/versions/3.0.1 ]
 DEBUG [5abf3d5b] Finished in 0.345 seconds with exit status 0 (successful).
  INFO [bacc0e0d] Running /usr/bin/env mkdir -p /tmp as deploy@sample-web-server
 DEBUG [bacc0e0d] Command: ( export RBENV_ROOT="$HOME/.rbenv" RBENV_VERSION="3.0.1" ; /usr/bin/env mkdir -p /tmp )
  INFO [bacc0e0d] Finished in 0.047 seconds with exit status 0 (successful).
 DEBUG Uploading /tmp/git-ssh-81810005f1a02d68889e.sh 0.0%
  INFO Uploading /tmp/git-ssh-81810005f1a02d68889e.sh 100.0%
  INFO [b1595dfa] Running /usr/bin/env chmod 700 /tmp/git-ssh-81810005f1a02d68889e.sh as deploy@sample-web-server
 DEBUG [b1595dfa] Command: ( export RBENV_ROOT="$HOME/.rbenv" RBENV_VERSION="3.0.1" ; /usr/bin/env chmod 700 /tmp/git-ssh-81810005f1a02d68889e.sh )
  INFO [b1595dfa] Finished in 0.048 seconds with exit status 0 (successful).
  INFO [b154cea8] Running /usr/bin/env git ls-remote https://github.com/Imsurajkr/sample-react-app.git HEAD as deploy@sample-web-server
 DEBUG [b154cea8] Command: ( export RBENV_ROOT="$HOME/.rbenv" RBENV_VERSION="3.0.1" GIT_ASKPASS="/bin/echo" GIT_SSH="/tmp/git-ssh-81810005f1a02d68889e.sh" ; /usr/bin/env git ls-remote https://github.com/Imsurajkr/sample-react-app.git HEAD )
 DEBUG [b154cea8] 	7c272725a82def6bbac623d3de03d345408839c0	HEAD
  INFO [b154cea8] Finished in 0.821 seconds with exit status 0 (successful).
  INFO [c6f415a1] Running /usr/bin/env mkdir -p /home/deploy/react-app/shared /home/deploy/react-app/releases as deploy@sample-web-server
 DEBUG [c6f415a1] Command: ( export RBENV_ROOT="$HOME/.rbenv" RBENV_VERSION="3.0.1" ; /usr/bin/env mkdir -p /home/deploy/react-app/shared /home/deploy/react-app/releases )
  INFO [c6f415a1] Finished in 0.048 seconds with exit status 0 (successful).
  INFO [7c8316c6] Running /usr/bin/env mkdir -p /home/deploy/react-app/shared/public/assets as deploy@sample-web-server
 DEBUG [7c8316c6] Command: ( export RBENV_ROOT="$HOME/.rbenv" RBENV_VERSION="3.0.1" ; /usr/bin/env mkdir -p /home/deploy/react-app/shared/public/assets )
  INFO [7c8316c6] Finished in 0.048 seconds with exit status 0 (successful).
 DEBUG [9694f3cd] Running [ -f /home/deploy/react-app/current/REVISION ] as deploy@sample-web-server
 DEBUG [9694f3cd] Command: [ -f /home/deploy/react-app/current/REVISION ]
 DEBUG [9694f3cd] Finished in 0.044 seconds with exit status 1 (failed).
 DEBUG [14b1f435] Running [ -f /home/deploy/react-app/repo/HEAD ] as deploy@sample-web-server
 DEBUG [14b1f435] Command: [ -f /home/deploy/react-app/repo/HEAD ]
 DEBUG [14b1f435] Finished in 0.045 seconds with exit status 1 (failed).
 DEBUG [c4343f84] Running if test ! -d /home/deploy/react-app; then echo "Directory does not exist '/home/deploy/react-app'" 1>&2; false; fi as deploy@sample-web-server
 DEBUG [c4343f84] Command: if test ! -d /home/deploy/react-app; then echo "Directory does not exist '/home/deploy/react-app'" 1>&2; false; fi
 DEBUG [c4343f84] Finished in 0.046 seconds with exit status 0 (successful).
  INFO [228f88c7] Running /usr/bin/env git clone --mirror https://github.com/Imsurajkr/sample-react-app.git /home/deploy/react-app/repo as deploy@sample-web-server
 DEBUG [228f88c7] Command: cd /home/deploy/react-app && ( export RBENV_ROOT="$HOME/.rbenv" RBENV_VERSION="3.0.1" GIT_ASKPASS="/bin/echo" GIT_SSH="/tmp/git-ssh-81810005f1a02d68889e.sh" ; /usr/bin/env git clone --mirror https://github.com/Imsurajkr/sample-react-app.git /home/deploy/react-app/repo )
 DEBUG [228f88c7] 	Cloning into bare repository '/home/deploy/react-app/repo'...
  INFO [228f88c7] Finished in 1.583 seconds with exit status 0 (successful).
 DEBUG [c87cb624] Running if test ! -d /home/deploy/react-app/repo; then echo "Directory does not exist '/home/deploy/react-app/repo'" 1>&2; false; fi as deploy@sample-web-server
 DEBUG [c87cb624] Command: if test ! -d /home/deploy/react-app/repo; then echo "Directory does not exist '/home/deploy/react-app/repo'" 1>&2; false; fi
 DEBUG [c87cb624] Finished in 0.046 seconds with exit status 0 (successful).
  INFO [3fc011ac] Running /usr/bin/env git remote set-url origin https://github.com/Imsurajkr/sample-react-app.git as deploy@sample-web-server
 DEBUG [3fc011ac] Command: cd /home/deploy/react-app/repo && ( export RBENV_ROOT="$HOME/.rbenv" RBENV_VERSION="3.0.1" GIT_ASKPASS="/bin/echo" GIT_SSH="/tmp/git-ssh-81810005f1a02d68889e.sh" ; /usr/bin/env git remote set-url origin https://github.com/Imsurajkr/sample-react-app.git )
  INFO [3fc011ac] Finished in 0.047 seconds with exit status 0 (successful).
  INFO [ed37d7ca] Running /usr/bin/env git remote update --prune as deploy@sample-web-server
 DEBUG [ed37d7ca] Command: cd /home/deploy/react-app/repo && ( export RBENV_ROOT="$HOME/.rbenv" RBENV_VERSION="3.0.1" GIT_ASKPASS="/bin/echo" GIT_SSH="/tmp/git-ssh-81810005f1a02d68889e.sh" ; /usr/bin/env git remote update --prune )
 DEBUG [ed37d7ca] 	Fetching origin
  INFO [ed37d7ca] Finished in 0.774 seconds with exit status 0 (successful).
 DEBUG [3ebaab87] Running if test ! -d /home/deploy/react-app/repo; then echo "Directory does not exist '/home/deploy/react-app/repo'" 1>&2; false; fi as deploy@sample-web-server
 DEBUG [3ebaab87] Command: if test ! -d /home/deploy/react-app/repo; then echo "Directory does not exist '/home/deploy/react-app/repo'" 1>&2; false; fi
 DEBUG [3ebaab87] Finished in 0.046 seconds with exit status 0 (successful).
  INFO [71acb361] Running /usr/bin/env mkdir -p /home/deploy/react-app/releases/20210611095404 as deploy@sample-web-server
 DEBUG [71acb361] Command: cd /home/deploy/react-app/repo && ( export RBENV_ROOT="$HOME/.rbenv" RBENV_VERSION="3.0.1" GIT_ASKPASS="/bin/echo" GIT_SSH="/tmp/git-ssh-81810005f1a02d68889e.sh" ; /usr/bin/env mkdir -p /home/deploy/react-app/releases/20210611095404 )
  INFO [71acb361] Finished in 0.046 seconds with exit status 0 (successful).
  INFO [05dcaba1] Running /usr/bin/env git archive master | /usr/bin/env tar -x -f - -C /home/deploy/react-app/releases/20210611095404 as deploy@sample-web-server
 DEBUG [05dcaba1] Command: cd /home/deploy/react-app/repo && ( export RBENV_ROOT="$HOME/.rbenv" RBENV_VERSION="3.0.1" GIT_ASKPASS="/bin/echo" GIT_SSH="/tmp/git-ssh-81810005f1a02d68889e.sh" ; /usr/bin/env git archive master | /usr/bin/env tar -x -f - -C /home/deploy/react-app/releases/20210611095404 )
  INFO [05dcaba1] Finished in 0.055 seconds with exit status 0 (successful).
 DEBUG [5dce1402] Running if test ! -d /home/deploy/react-app/repo; then echo "Directory does not exist '/home/deploy/react-app/repo'" 1>&2; false; fi as deploy@sample-web-server
 DEBUG [5dce1402] Command: if test ! -d /home/deploy/react-app/repo; then echo "Directory does not exist '/home/deploy/react-app/repo'" 1>&2; false; fi
 DEBUG [5dce1402] Finished in 0.045 seconds with exit status 0 (successful).
 DEBUG [335c0113] Running /usr/bin/env git rev-list --max-count=1 master as deploy@sample-web-server
 DEBUG [335c0113] Command: cd /home/deploy/react-app/repo && ( export RBENV_ROOT="$HOME/.rbenv" RBENV_VERSION="3.0.1" GIT_ASKPASS="/bin/echo" GIT_SSH="/tmp/git-ssh-81810005f1a02d68889e.sh" ; /usr/bin/env git rev-list --max-count=1 master )
 DEBUG [335c0113] 	7c272725a82def6bbac623d3de03d345408839c0
 DEBUG [335c0113] Finished in 0.048 seconds with exit status 0 (successful).
 DEBUG [1bcc3516] Running if test ! -d /home/deploy/react-app/releases/20210611095404; then echo "Directory does not exist '/home/deploy/react-app/releases/20210611095404'" 1>&2; false; fi as deploy@sample-web-server
 DEBUG [1bcc3516] Command: if test ! -d /home/deploy/react-app/releases/20210611095404; then echo "Directory does not exist '/home/deploy/react-app/releases/20210611095404'" 1>&2; false; fi
 DEBUG [1bcc3516] Finished in 0.051 seconds with exit status 0 (successful).
  INFO [2e445464] Running /usr/bin/env echo "7c272725a82def6bbac623d3de03d345408839c0" > REVISION as deploy@sample-web-server
 DEBUG [2e445464] Command: cd /home/deploy/react-app/releases/20210611095404 && ( export RBENV_ROOT="$HOME/.rbenv" RBENV_VERSION="3.0.1" ; /usr/bin/env echo "7c272725a82def6bbac623d3de03d345408839c0" > REVISION )
  INFO [2e445464] Finished in 0.048 seconds with exit status 0 (successful).
  INFO [23791f31] Running /usr/bin/env mkdir -p /home/deploy/react-app/releases/20210611095404/public as deploy@sample-web-server
 DEBUG [23791f31] Command: ( export RBENV_ROOT="$HOME/.rbenv" RBENV_VERSION="3.0.1" ; /usr/bin/env mkdir -p /home/deploy/react-app/releases/20210611095404/public )
  INFO [23791f31] Finished in 0.044 seconds with exit status 0 (successful).
 DEBUG [fb1026a5] Running [ -L /home/deploy/react-app/releases/20210611095404/public/assets ] as deploy@sample-web-server
 DEBUG [fb1026a5] Command: [ -L /home/deploy/react-app/releases/20210611095404/public/assets ]
 DEBUG [fb1026a5] Finished in 0.049 seconds with exit status 1 (failed).
 DEBUG [434afc18] Running [ -d /home/deploy/react-app/releases/20210611095404/public/assets ] as deploy@sample-web-server
 DEBUG [434afc18] Command: [ -d /home/deploy/react-app/releases/20210611095404/public/assets ]
 DEBUG [434afc18] Finished in 0.045 seconds with exit status 1 (failed).
  INFO [375fe2e6] Running /usr/bin/env ln -s /home/deploy/react-app/shared/public/assets /home/deploy/react-app/releases/20210611095404/public/assets as deploy@sample-web-server
 DEBUG [375fe2e6] Command: ( export RBENV_ROOT="$HOME/.rbenv" RBENV_VERSION="3.0.1" ; /usr/bin/env ln -s /home/deploy/react-app/shared/public/assets /home/deploy/react-app/releases/20210611095404/public/assets )
  INFO [375fe2e6] Finished in 0.061 seconds with exit status 0 (successful).
 DEBUG [220cd97f] Running if test ! -d /home/deploy/react-app/releases/20210611095404; then echo "Directory does not exist '/home/deploy/react-app/releases/20210611095404'" 1>&2; false; fi as deploy@sample-web-server
 DEBUG [220cd97f] Command: if test ! -d /home/deploy/react-app/releases/20210611095404; then echo "Directory does not exist '/home/deploy/react-app/releases/20210611095404'" 1>&2; false; fi
 DEBUG [220cd97f] Finished in 0.052 seconds with exit status 0 (successful).
  INFO [ac91f770] Running $HOME/.rbenv/bin/rbenv exec bundle config --local deployment true as deploy@sample-web-server
 DEBUG [ac91f770] Command: cd /home/deploy/react-app/releases/20210611095404 && ( export RBENV_ROOT="$HOME/.rbenv" RBENV_VERSION="3.0.1" ; $HOME/.rbenv/bin/rbenv exec bundle config --local deployment true )
  INFO [ac91f770] Finished in 0.276 seconds with exit status 0 (successful).
  INFO [6541a8fc] Running $HOME/.rbenv/bin/rbenv exec bundle config --local path /home/deploy/react-app/shared/bundle as deploy@sample-web-server
 DEBUG [6541a8fc] Command: cd /home/deploy/react-app/releases/20210611095404 && ( export RBENV_ROOT="$HOME/.rbenv" RBENV_VERSION="3.0.1" ; $HOME/.rbenv/bin/rbenv exec bundle config --local path /home/deploy/react-app/shared/bundle )
  INFO [6541a8fc] Finished in 0.196 seconds with exit status 0 (successful).
  INFO [3a4ce6e0] Running $HOME/.rbenv/bin/rbenv exec bundle config --local without development:test as deploy@sample-web-server
 DEBUG [3a4ce6e0] Command: cd /home/deploy/react-app/releases/20210611095404 && ( export RBENV_ROOT="$HOME/.rbenv" RBENV_VERSION="3.0.1" ; $HOME/.rbenv/bin/rbenv exec bundle config --local without development:test )
  INFO [3a4ce6e0] Finished in 0.204 seconds with exit status 0 (successful).
 DEBUG [ffcbc9e2] Running if test ! -d /home/deploy/react-app/releases/20210611095404; then echo "Directory does not exist '/home/deploy/react-app/releases/20210611095404'" 1>&2; false; fi as deploy@sample-web-server
 DEBUG [ffcbc9e2] Command: if test ! -d /home/deploy/react-app/releases/20210611095404; then echo "Directory does not exist '/home/deploy/react-app/releases/20210611095404'" 1>&2; false; fi
 DEBUG [ffcbc9e2] Finished in 0.046 seconds with exit status 0 (successful).
 DEBUG [f1026cd4] Running $HOME/.rbenv/bin/rbenv exec bundle check as deploy@sample-web-server
 DEBUG [f1026cd4] Command: cd /home/deploy/react-app/releases/20210611095404 && ( export RBENV_ROOT="$HOME/.rbenv" RBENV_VERSION="3.0.1" ; $HOME/.rbenv/bin/rbenv exec bundle check )
 DEBUG [f1026cd4] 	The following gems are missing
 DEBUG [f1026cd4] 	 * rake (13.0.3)
 DEBUG [f1026cd4] 	 * concurrent-ruby (1.1.8)
 DEBUG [f1026cd4] 	 * i18n (1.8.10)
 DEBUG [f1026cd4] 	 * minitest (5.14.4)
 DEBUG [f1026cd4] 	 * tzinfo (2.0.4)
 DEBUG [f1026cd4] 	 * zeitwerk (2.4.2)
 DEBUG [f1026cd4] 	 * activesupport (6.1.3.2)
 DEBUG [f1026cd4] 	 * builder (3.2.4)
 DEBUG [f1026cd4] 	 * erubi (1.10.0)
 DEBUG [f1026cd4] 	 * racc (1.5.2)
 DEBUG [f1026cd4] 	 * nokogiri (1.11.6)
 DEBUG [f1026cd4] 	 * rails-dom-testing (2.0.3)
 DEBUG [f1026cd4] 	 * crass (1.0.6)
 DEBUG [f1026cd4] 	 * loofah (2.9.1)
 DEBUG [f1026cd4] 	 * rails-html-sanitizer (1.3.0)
 DEBUG [f1026cd4] 	 * actionview (6.1.3.2)
 DEBUG [f1026cd4] 	 * rack (2.2.3)
 DEBUG [f1026cd4] 	 * rack-test (1.1.0)
 DEBUG [f1026cd4] 	 * actionpack (6.1.3.2)
 DEBUG [f1026cd4] 	 * nio4r (2.5.7)
 DEBUG [f1026cd4] 	 * websocket-extensions (0.1.5)
 DEBUG [f1026cd4] 	 * websocket-driver (0.7.4)
 DEBUG [f1026cd4] 	 * actioncable (6.1.3.2)
 DEBUG [f1026cd4] 	 * globalid (0.4.2)
 DEBUG [f1026cd4] 	 * activejob (6.1.3.2)
 DEBUG [f1026cd4] 	 * activemodel (6.1.3.2)
 DEBUG [f1026cd4] 	 * activerecord (6.1.3.2)
 DEBUG [f1026cd4] 	 * marcel (1.0.1)
 DEBUG [f1026cd4] 	 * mini_mime (1.0.3)
 DEBUG [f1026cd4] 	 * activestorage (6.1.3.2)
 DEBUG [f1026cd4] 	 * mail (2.7.1)
 DEBUG [f1026cd4] 	 * actionmailbox (6.1.3.2)
 DEBUG [f1026cd4] 	 * actionmailer (6.1.3.2)
 DEBUG [f1026cd4] 	 * actiontext (6.1.3.2)
 DEBUG [f1026cd4] 	 * net-ssh (6.1.0)
 DEBUG [f1026cd4] 	 * net-scp (3.0.0)
 DEBUG [f1026cd4] 	 * sshkit (1.21.2)
 DEBUG [f1026cd4] 	 * airbrussh (1.4.0)
 DEBUG [f1026cd4] 	 * capistrano (3.16.0)
 DEBUG [f1026cd4] 	 * capistrano-bundler (2.0.1)
 DEBUG [f1026cd4] 	 * capistrano-passenger (0.2.1)
 DEBUG [f1026cd4] 	 * capistrano-rails (1.6.1)
 DEBUG [f1026cd4] 	 * capistrano-rbenv (2.2.0)
 DEBUG [f1026cd4] 	 * method_source (1.0.0)
 DEBUG [f1026cd4] 	 * thor (1.1.0)
 DEBUG [f1026cd4] 	 * railties (6.1.3.2)
 DEBUG [f1026cd4] 	 * sprockets (4.0.2)
 DEBUG [f1026cd4] 	 * sprockets-rails (3.2.2)
 DEBUG [f1026cd4] 	 * rails (6.1.3.2)
 DEBUG [f1026cd4] 	Install missing gems with `bundle install`
 DEBUG [f1026cd4] Finished in 0.248 seconds with exit status 1 (failed).
  INFO [7bc16048] Running $HOME/.rbenv/bin/rbenv exec bundle install --jobs 4 --quiet as deploy@sample-web-server
 DEBUG [7bc16048] Command: cd /home/deploy/react-app/releases/20210611095404 && ( export RBENV_ROOT="$HOME/.rbenv" RBENV_VERSION="3.0.1" ; $HOME/.rbenv/bin/rbenv exec bundle install --jobs 4 --quiet )
 DEBUG [7bc16048] 	Your bundle is locked to rake (13.0.3), but that version could not be found in
any of the sources listed in your Gemfile. If you haven't changed sources, that
means the author of rake (13.0.3) has removed it. You'll need to update your
bundle to a version other than rake (13.0.3) that hasn't been removed in order
to install.
